
              22:38:43     06 Sep 2017
     INFO     Starting new HTTPS connection (1): api.telegram.org

              22:38:50     06 Sep 2017
     INFO     El usuario Rubén ha iniciado el bot

              22:38:50     06 Sep 2017
     INFO     Starting new HTTPS connection (1): api.telegram.org

              22:38:50     06 Sep 2017
     INFO     El usuario 71240965 ha iniciado quita_teclado

              22:38:54     06 Sep 2017
     INFO     El usuario Rubén ha iniciado teclado_alertas

              22:38:56     06 Sep 2017
     INFO     El usuario Rubén inicia añadir

              22:38:56     06 Sep 2017
     INFO     El usuario 71240965 ha iniciado quita_teclado

              22:40:02     06 Sep 2017
     INFO     El usuario Rubén ha añadido una alerta

              22:40:02     06 Sep 2017
     INFO     El usuario 71240965 ha iniciado quita_teclado

              22:40:03     06 Sep 2017
     INFO     El usuario Rubén ha iniciado teclado_alertas

              22:40:08     06 Sep 2017
     INFO     El usuario Rubén inicia salir

              22:40:08     06 Sep 2017
     INFO     El usuario 71240965 ha iniciado quita_teclado

              22:40:08     06 Sep 2017
     INFO     Starting new HTTPS connection (1): api.telegram.org

              22:43:14     06 Sep 2017
     INFO     Iniciada función Admin por Rubén

              22:43:16     06 Sep 2017
     INFO     El usuario 71240965 ha iniciado quita_teclado

              22:43:20     06 Sep 2017
     INFO     El usuario Rubén ha iniciado teclado_alertas

              22:43:22     06 Sep 2017
     INFO     El usuario Rubén inicia añadir

              22:43:22     06 Sep 2017
     INFO     El usuario 71240965 ha iniciado quita_teclado

              22:43:28     06 Sep 2017
     INFO     El usuario Rubén ha añadido una alerta

              22:43:28     06 Sep 2017
     INFO     El usuario 71240965 ha iniciado quita_teclado

              22:43:29     06 Sep 2017
     INFO     El usuario Rubén ha iniciado teclado_alertas

              22:43:32     06 Sep 2017
     INFO     El usuario Rubén inicia lista

              22:43:33     06 Sep 2017
     INFO     El usuario Rubén ha iniciado teclado_alertas

              23:01:26     06 Sep 2017
     INFO     El usuario Rubén inicia salir

              23:01:26     06 Sep 2017
     INFO     El usuario 71240965 ha iniciado quita_teclado

              23:01:26     06 Sep 2017
     INFO     Resetting dropped connection: api.telegram.org

              23:08:51     06 Sep 2017
     INFO     Resetting dropped connection: api.telegram.org

              23:39:17     06 Sep 2017
     INFO     El usuario Rubén ha iniciado el bot

              23:39:17     06 Sep 2017
     INFO     Resetting dropped connection: api.telegram.org

              23:39:18     06 Sep 2017
     INFO     El usuario 71240965 ha iniciado quita_teclado

              23:42:18     06 Sep 2017
     INFO     Resetting dropped connection: api.telegram.org

              00:15:58     07 Sep 2017
     INFO     Resetting dropped connection: api.telegram.org

              00:49:43     07 Sep 2017
     INFO     Resetting dropped connection: api.telegram.org

              01:23:29     07 Sep 2017
     INFO     Resetting dropped connection: api.telegram.org

              01:57:09     07 Sep 2017
     INFO     Resetting dropped connection: api.telegram.org

              02:30:51     07 Sep 2017
     INFO     Resetting dropped connection: api.telegram.org

              03:04:32     07 Sep 2017
     INFO     Resetting dropped connection: api.telegram.org

              03:38:17     07 Sep 2017
     INFO     Resetting dropped connection: api.telegram.org

              04:12:03     07 Sep 2017
     INFO     Resetting dropped connection: api.telegram.org

              04:45:50     07 Sep 2017
     INFO     Resetting dropped connection: api.telegram.org

              05:19:31     07 Sep 2017
     INFO     Resetting dropped connection: api.telegram.org

              05:53:12     07 Sep 2017
     INFO     Resetting dropped connection: api.telegram.org

              05:58:08     07 Sep 2017
     INFO     El usuario Rubén ha iniciado ayuda

              05:58:08     07 Sep 2017
     INFO     Resetting dropped connection: api.telegram.org

              05:58:11     07 Sep 2017
     INFO     Iniciada función Admin por Rubén

              05:58:13     07 Sep 2017
     INFO     El usuario 71240965 ha iniciado quita_teclado

              06:26:10     07 Sep 2017
     INFO     Resetting dropped connection: api.telegram.org

              06:59:50     07 Sep 2017
     INFO     Resetting dropped connection: api.telegram.org

              07:33:28     07 Sep 2017
     INFO     Resetting dropped connection: api.telegram.org

              08:07:03     07 Sep 2017
     INFO     Resetting dropped connection: api.telegram.org
