
              08:00:16     07 Sep 2017
     WARNING  Se inicia el script

              08:00:30     07 Sep 2017
     WARNING  Post de control a la variable c

              08:00:33     07 Sep 2017
     WARNING  link === http://www.newpct.com/descargar-serie/ray-donovan/capitulo-52/hdtv/

              08:00:33     07 Sep 2017
     WARNING  Titulo nuevo obtenido:
              Ray Donovan â Temporada 5 

              08:00:34     07 Sep 2017
     WARNING  Calidad nueva obtenida:
              HDTV

              08:00:34     07 Sep 2017
     WARNING  Enlace nuevo obtenido:
              HTTP://TUMEJORSERIE.COM/DESCARGAR/INDEX.PHP?LINK=TORRENTS/095222.TORRENT

              08:00:34     07 Sep 2017
     WARNING  Se agrega a la bd:
              RAY DONOVAN Â TEMPORADA 5 

              08:00:37     07 Sep 2017
     WARNING  link === http://www.newpct.com/descargar-seriehd/ray-donovan/capitulo-52/hdtv-720p-ac3-5-1/

              08:00:37     07 Sep 2017
     WARNING  Titulo nuevo obtenido:
              Ray Donovan - Temporada 5 

              08:00:38     07 Sep 2017
     WARNING  Calidad nueva obtenida:
              HDTV 720P

              08:00:38     07 Sep 2017
     WARNING  Enlace nuevo obtenido:
              HTTP://TUMEJORSERIE.COM/DESCARGAR/INDEX.PHP?LINK=TORRENTS/095221.TORRENT

              08:00:38     07 Sep 2017
     WARNING  Se agrega a la bd:
              RAY DONOVAN - TEMPORADA 5 

              08:00:40     07 Sep 2017
     WARNING  link === http://www.newpct.com/descargar-serie/code-black/capitulo-210/hdtv/

              08:00:41     07 Sep 2017
     WARNING  Titulo nuevo obtenido:
              Code Black - Temporada 2 

              08:00:41     07 Sep 2017
     WARNING  Calidad nueva obtenida:
              HDTV

              08:00:41     07 Sep 2017
     WARNING  Enlace nuevo obtenido:
              HTTP://TUMEJORSERIE.COM/DESCARGAR/INDEX.PHP?LINK=TORRENTS/095220.TORRENT

              08:00:41     07 Sep 2017
     WARNING  Se agrega a la bd:
              CODE BLACK - TEMPORADA 2 

              08:00:43     07 Sep 2017
     WARNING  link === http://www.newpct.com/descargar-seriehd/code-black/capitulo-210/hdtv-720p-ac3-5-1/

              08:00:44     07 Sep 2017
     WARNING  Titulo nuevo obtenido:
              Code Black - Temporada 2 

              08:00:44     07 Sep 2017
     WARNING  Calidad nueva obtenida:
              HDTV 720P

              08:00:44     07 Sep 2017
     WARNING  Enlace nuevo obtenido:
              HTTP://TUMEJORSERIE.COM/DESCARGAR/INDEX.PHP?LINK=TORRENTS/095219.TORRENT

              08:00:44     07 Sep 2017
     WARNING  Se agrega a la bd:
              CODE BLACK - TEMPORADA 2 

              08:00:44     07 Sep 2017
     WARNING  Post de control coincide con el post[i]

              08:00:44     07 Sep 2017
     WARNING  FINALIZADO
